<?xml version="1.0" encoding="utf-8"?><testsuites name="pytest tests"><testsuite name="pytest" errors="0" failures="1" skipped="0" tests="31" time="22.293" timestamp="2026-06-01T18:03:25.281349+00:00" hostname="agent-env-87316ba6-a8a7-4bdb-b722-d83bf3a69053"><testcase classname="tests.test_iteration2.TestPayroll" name="test_generate_admin_only" time="2.075" /><testcase classname="tests.test_iteration2.TestPayroll" name="test_generate_idempotent" time="0.767" /><testcase classname="tests.test_iteration2.TestPayroll" name="test_generate_forbidden_for_employee" time="0.949" /><testcase classname="tests.test_iteration2.TestPayroll" name="test_my_payslips" time="0.435" /><testcase classname="tests.test_iteration2.TestPayroll" name="test_get_payslip_403_other_employee" time="1.446" /><testcase classname="tests.test_iteration2.TestPayroll" name="test_mark_paid" time="1.089" /><testcase classname="tests.test_iteration2.TestPayroll" name="test_mark_paid_forbidden_employee" time="0.710" /><testcase classname="tests.test_iteration2.TestPayroll" name="test_summary" time="0.355" /><testcase classname="tests.test_iteration2.TestPayroll" name="test_admin_list_forbidden_employee" time="0.338" /><testcase classname="tests.test_iteration2.TestPerformance" name="test_create_review_admin" time="0.740" /><testcase classname="tests.test_iteration2.TestPerformance" name="test_create_review_forbidden_employee" time="0.684" /><testcase classname="tests.test_iteration2.TestPerformance" name="test_my_reviews" time="0.361" /><testcase classname="tests.test_iteration2.TestPerformance" name="test_team_reviews_manager" time="0.977" /><testcase classname="tests.test_iteration2.TestPerformance" name="test_team_reviews_forbidden_employee" time="0.337" /><testcase classname="tests.test_iteration2.TestPerformance" name="test_create_own_goal_employee" time="2.098" /><testcase classname="tests.test_iteration2.TestPerformance" name="test_create_goal_for_other_forbidden_for_employee" time="1.028" /><testcase classname="tests.test_iteration2.TestPerformance" name="test_my_goals" time="0.362" /><testcase classname="tests.test_iteration2.TestRecruitment" name="test_list_jobs_has_candidate_count" time="0.922" /><testcase classname="tests.test_iteration2.TestRecruitment" name="test_get_job_no_auth" time="0.490" /><testcase classname="tests.test_iteration2.TestRecruitment" name="test_create_job_recruiter" time="0.341" /><testcase classname="tests.test_iteration2.TestRecruitment" name="test_create_job_forbidden_employee" time="0.403" /><testcase classname="tests.test_iteration2.TestRecruitment" name="test_public_apply_no_auth" time="0.781" /><testcase classname="tests.test_iteration2.TestRecruitment" name="test_public_apply_closed_job_409" time="0.856" /><testcase classname="tests.test_iteration2.TestRecruitment" name="test_list_candidates_recruiter" time="0.339" /><testcase classname="tests.test_iteration2.TestRecruitment" name="test_list_candidates_forbidden_employee" time="0.340" /><testcase classname="tests.test_iteration2.TestRecruitment" name="test_update_candidate_status" time="0.679" /><testcase classname="tests.test_iteration2.TestRecruitment" name="test_update_candidate_invalid_status" time="0.687" /><testcase classname="tests.test_iteration2.TestReports" name="test_overview_admin" time="0.347" /><testcase classname="tests.test_iteration2.TestReports" name="test_overview_forbidden_employee" time="0.397" /><testcase classname="tests.test_iteration2.TestReports" name="test_recruiter_dashboard" time="0.373"><failure message="AssertionError: missing key interviews&#10;assert 'interviews' in {'interviews_this_week': 2, 'open_jobs': 3, 'pipeline': [{'count': 1, 'stage': 'offered'}, {'count': 2, 'stage': 'applied'}, {'count': 2, 'stage': 'interview'}, {'count': 1, 'stage': 'screened'}, {'count': 1, 'stage': 'rejected'}], 'recent_jobs': [{'created_at': '2026-06-01T18:03:43.508921+00:00', 'id': 'ac8e3e2b-50c2-443b-a8c4-cc3e0bb84ce5', 'status': 'closed', 'title': 'TEST_Closed'}, {'created_at': '2026-06-01T18:03:41.964468+00:00', 'id': '62b47f9e-6bce-42b2-b0d7-899c7b7f2c24', 'status': 'open', 'title': 'TEST_Engineer'}, {'created_at': '2026-06-01T17:55:52.019339+00:00', 'id': '9c58ec09-4361-462f-92e8-b098aa115fb7', 'status': 'open', 'title': 'People Operations Specialist'}, {'created_at': '2026-06-01T17:55:52.019333+00:00', 'id': '0708a4e8-8bfc-42f7-a226-59d3eee2bc4c', 'status': 'open', 'title': 'Senior Frontend Engineer'}], ...}">tests/test_iteration2.py:309: in test_recruiter_dashboard
    assert k in d, f"missing key {k}"
E   AssertionError: missing key interviews
E   assert 'interviews' in {'interviews_this_week': 2, 'open_jobs': 3, 'pipeline': [{'count': 1, 'stage': 'offered'}, {'count': 2, 'stage': 'applied'}, {'count': 2, 'stage': 'interview'}, {'count': 1, 'stage': 'screened'}, {'count': 1, 'stage': 'rejected'}], 'recent_jobs': [{'created_at': '2026-06-01T18:03:43.508921+00:00', 'id': 'ac8e3e2b-50c2-443b-a8c4-cc3e0bb84ce5', 'status': 'closed', 'title': 'TEST_Closed'}, {'created_at': '2026-06-01T18:03:41.964468+00:00', 'id': '62b47f9e-6bce-42b2-b0d7-899c7b7f2c24', 'status': 'open', 'title': 'TEST_Engineer'}, {'created_at': '2026-06-01T17:55:52.019339+00:00', 'id': '9c58ec09-4361-462f-92e8-b098aa115fb7', 'status': 'open', 'title': 'People Operations Specialist'}, {'created_at': '2026-06-01T17:55:52.019333+00:00', 'id': '0708a4e8-8bfc-42f7-a226-59d3eee2bc4c', 'status': 'open', 'title': 'Senior Frontend Engineer'}], ...}</failure></testcase><testcase classname="tests.test_iteration2.TestReports" name="test_recruiter_dashboard_forbidden_employee" time="0.358" /></testsuite></testsuites>