<?xml version="1.0" encoding="utf-8"?><testsuites name="pytest tests"><testsuite name="pytest" errors="0" failures="2" skipped="0" tests="37" time="19.086" timestamp="2026-06-01T17:46:04.570397+00:00" hostname="agent-env-87316ba6-a8a7-4bdb-b722-d83bf3a69053"><testcase classname="backend.tests.backend_test.TestAuth" name="test_login_all_demo_accounts" time="1.625" /><testcase classname="backend.tests.backend_test.TestAuth" name="test_login_wrong_password" time="0.384" /><testcase classname="backend.tests.backend_test.TestAuth" name="test_me" time="0.662" /><testcase classname="backend.tests.backend_test.TestAuth" name="test_me_no_token" time="0.121" /><testcase classname="backend.tests.backend_test.TestAuth" name="test_refresh" time="0.116" /><testcase classname="backend.tests.backend_test.TestAuth" name="test_register_duplicate" time="0.171" /><testcase classname="backend.tests.backend_test.TestAuth" name="test_register_new" time="0.374" /><testcase classname="backend.tests.backend_test.TestEmployees" name="test_list_employees_admin" time="0.341" /><testcase classname="backend.tests.backend_test.TestEmployees" name="test_list_employees_search" time="0.332" /><testcase classname="backend.tests.backend_test.TestEmployees" name="test_employee_sees_only_self" time="0.967" /><testcase classname="backend.tests.backend_test.TestEmployees" name="test_get_employee_by_id_admin" time="0.686" /><testcase classname="backend.tests.backend_test.TestEmployees" name="test_employee_cannot_see_other" time="1.709" /><testcase classname="backend.tests.backend_test.TestEmployees" name="test_create_employee_forbidden_for_employee" time="0.330" /><testcase classname="backend.tests.backend_test.TestEmployees" name="test_create_employee_admin" time="0.573" /><testcase classname="backend.tests.backend_test.TestDepartments" name="test_list_departments" time="0.338" /><testcase classname="backend.tests.backend_test.TestDepartments" name="test_create_department_admin" time="0.326" /><testcase classname="backend.tests.backend_test.TestDepartments" name="test_create_department_forbidden" time="0.361" /><testcase classname="backend.tests.backend_test.TestAttendance" name="test_clock_in_employee" time="0.920" /><testcase classname="backend.tests.backend_test.TestAttendance" name="test_clock_in_twice_conflict" time="0.712" /><testcase classname="backend.tests.backend_test.TestAttendance" name="test_clock_out_employee" time="0.669"><failure message="AssertionError: {&quot;detail&quot;:&quot;Already clocked out&quot;}&#10;assert 409 in (200, 201)&#10; +  where 409 = &lt;Response [409]&gt;.status_code">backend/tests/backend_test.py:233: in test_clock_out_employee
    assert r.status_code in (200, 201), r.text
E   AssertionError: {"detail":"Already clocked out"}
E   assert 409 in (200, 201)
E    +  where 409 = &lt;Response [409]&gt;.status_code</failure></testcase><testcase classname="backend.tests.backend_test.TestAttendance" name="test_attendance_my" time="0.341" /><testcase classname="backend.tests.backend_test.TestAttendance" name="test_attendance_today_admin" time="0.356" /><testcase classname="backend.tests.backend_test.TestAttendance" name="test_attendance_today_forbidden_for_employee" time="0.342" /><testcase classname="backend.tests.backend_test.TestAttendance" name="test_attendance_team_manager" time="0.667" /><testcase classname="backend.tests.backend_test.TestLeave" name="test_apply_leave" time="0.333" /><testcase classname="backend.tests.backend_test.TestLeave" name="test_apply_leave_invalid_dates" time="0.330" /><testcase classname="backend.tests.backend_test.TestLeave" name="test_leave_my" time="0.340" /><testcase classname="backend.tests.backend_test.TestLeave" name="test_leave_pending_manager" time="0.332" /><testcase classname="backend.tests.backend_test.TestLeave" name="test_leave_pending_forbidden_for_employee" time="0.335" /><testcase classname="backend.tests.backend_test.TestLeave" name="test_leave_approve_flow" time="0.678" /><testcase classname="backend.tests.backend_test.TestLeave" name="test_leave_balance" time="0.990" /><testcase classname="backend.tests.backend_test.TestDashboards" name="test_admin_dashboard" time="0.354" /><testcase classname="backend.tests.backend_test.TestDashboards" name="test_manager_dashboard" time="0.351" /><testcase classname="backend.tests.backend_test.TestDashboards" name="test_employee_dashboard" time="0.341" /><testcase classname="backend.tests.backend_test.TestDashboards" name="test_admin_dashboard_forbidden_for_employee" time="0.353"><failure message="assert 200 in (401, 403)&#10; +  where 200 = &lt;Response [200]&gt;.status_code">backend/tests/backend_test.py:346: in test_admin_dashboard_forbidden_for_employee
    assert r.status_code in (401, 403)
E   assert 200 in (401, 403)
E    +  where 200 = &lt;Response [200]&gt;.status_code</failure></testcase><testcase classname="backend.tests.backend_test.TestNotifications" name="test_my_notifications" time="0.330" /><testcase classname="backend.tests.backend_test.TestNotifications" name="test_read_all" time="0.356" /></testsuite></testsuites>